<?xml version="1.0" encoding="UTF-8"?>
<!-- Generated by org.testng.reporters.JUnitXMLReporter -->
<testsuite ignored="0" hostname="DESKTOP-0GFRTS5" failures="3" tests="32" name="TestNg" time="212.063" errors="0" timestamp="2024-03-22T00:07:36 EDT">
  <testcase classname="testLayer.GuestAccountTest" name="guestSearchAndBuy" time="11.432"/>
  <testcase classname="testLayer.SigninTest" name="signinValidEmailPassword" time="6.991"/>
  <testcase classname="testLayer.SigninTest" name="youraccount" time="1.223"/>
  <testcase classname="testLayer.SigninTest" name="yourorders" time="1.383"/>
  <testcase classname="testLayer.YourAddressTest" name="verifyYourAddressTitle" time="0.029"/>
  <testcase classname="testLayer.YourAddressTest" name="verifyAddAddressTitle" time="1.162"/>
  <testcase classname="testLayer.YourAddressTest" name="verifyCountryValue" time="0.093"/>
  <testcase classname="testLayer.YourAddressTest" name="addAddress" time="11.137"/>
  <testcase classname="testLayer.YourAddressTest" name="addAddress" time="11.722"/>
  <testcase classname="testLayer.YourAddressTest" name="addInvalidAddress" time="8.007"/>
  <testcase classname="testLayer.YourAddressTest" name="addInvalidAddress" time="5.944"/>
  <testcase classname="testLayer.YourAddressTest" name="addInvalidAddress" time="6.548"/>
  <testcase classname="testLayer.YourAddressTest" name="addInvalidAddress" time="4.119">
    <failure type="java.lang.AssertionError" message="expected [false] but found [true]">
      <![CDATA[java.lang.AssertionError: expected [false] but found [true]
at testLayer.YourAddressTest.addInvalidAddress(YourAddressTest.java:127)
at java.base/java.util.ArrayList.forEach(ArrayList.java:1596)
... Removed 31 stack frames]]>
    </failure>
  </testcase> <!-- addInvalidAddress -->
  <testcase classname="testLayer.YourAddressTest" name="addInvalidAddress" time="7.187"/>
  <testcase classname="testLayer.YourAddressTest" name="addInvalidAddress" time="4.337">
    <failure type="java.lang.AssertionError" message="expected [false] but found [true]">
      <![CDATA[java.lang.AssertionError: expected [false] but found [true]
at testLayer.YourAddressTest.addInvalidAddress(YourAddressTest.java:127)
at java.base/java.util.ArrayList.forEach(ArrayList.java:1596)
... Removed 31 stack frames]]>
    </failure>
  </testcase> <!-- addInvalidAddress -->
  <testcase classname="testLayer.YourAddressTest" name="addInvalidAddress" time="6.283"/>
  <testcase classname="testLayer.LoginSecTest" name="editName" time="6.3"/>
  <testcase classname="testLayer.ShoppingCartTest" name="addItemVerify" time="23.762"/>
  <testcase classname="testLayer.ShoppingCartTest" name="quantityIncrease" time="7.171"/>
  <testcase classname="testLayer.ShoppingCartTest" name="addSameItem" time="19.997"/>
  <testcase classname="testLayer.ShoppingCartTest" name="addMultipleItem" time="20.566"/>
  <testcase classname="testLayer.ShoppingCartTest" name="quantityDecrease" time="6.982"/>
  <testcase classname="testLayer.ShoppingCartTest" name="quantityRemove" time="1.957"/>
  <testcase classname="testLayer.ShoppingCartTest" name="quantityRemoveAll" time="2.022"/>
  <testcase classname="testLayer.SearchTest" name="verifyProductPageTitle" time="13.239"/>
  <testcase classname="testLayer.SearchTest" name="verifyProductImage" time="0.056"/>
  <testcase classname="testLayer.SearchTest" name="verifyProductName" time="0.049"/>
  <testcase classname="testLayer.SearchTest" name="verifyProductPrice" time="2.06"/>
  <testcase classname="testLayer.SearchTest" name="verifyProductRating" time="0.057"/>
  <testcase classname="testLayer.SearchTest" name="numberOfProductsPerPage" time="0.04"/>
  <testcase classname="testLayer.SearchTest" name="navigationToNextPage" time="4.58"/>
  <testcase classname="testLayer.SearchTest" name="sortingLowToHigh" time="3.467">
    <failure type="java.lang.AssertionError" message="expected [true] but found [false]">
      <![CDATA[java.lang.AssertionError: expected [true] but found [false]
at testLayer.SearchTest.sortingLowToHigh(SearchTest.java:117)
at java.base/java.util.ArrayList.forEach(ArrayList.java:1596)
... Removed 32 stack frames]]>
    </failure>
  </testcase> <!-- sortingLowToHigh -->
</testsuite> <!-- TestNg -->
